0: n7
0: /home/richardalbr/computer_vision/CLTforSemanticSegmentation
0: Sa 10. Dez 01:06:34 KST 2022
addict==2.4.0
aiohttp==3.8.3
aiosignal==1.3.1
async-timeout==4.0.2
attrs==22.1.0
certifi==2022.9.24
charset-normalizer==2.1.1
click==8.1.3
colorama==0.4.6
commonmark==0.9.1
contourpy==1.0.6
cycler==0.11.0
fonttools==4.38.0
frozenlist==1.3.3
fsspec==2022.11.0
idna==3.4
importlib-metadata==5.1.0
kiwisolver==1.4.4
lightning-utilities==0.4.2
Markdown==3.4.1
matplotlib==3.6.2
mmcls==0.24.1
mmcv-full==1.6.0
model-index==0.1.11
multidict==6.0.3
numpy==1.23.5
opencv-python==4.6.0.66
openmim==0.3.3
ordered-set==4.1.0
packaging==21.3
pandas==1.5.2
Pillow==9.3.0
prettytable==3.5.0
protobuf==3.20.1
Pygments==2.13.0
pyparsing==3.0.9
python-dateutil==2.8.2
pytorch-lightning==1.8.4
pytz==2022.6
PyYAML==6.0
requests==2.28.1
rich==12.6.0
six==1.16.0
tabulate==0.9.0
tensorboardX==2.5.1
torch==1.12.1+cu113
torchaudio==0.12.1+cu113
torchmetrics==0.11.0
torchvision==0.13.1+cu113
tqdm==4.64.1
typing_extensions==4.4.0
urllib3==1.26.13
wcwidth==0.2.5
yapf==0.32.0
yarl==1.8.2
zipp==3.11.0
0,1
DATASET mmsegmentation/mmseg/data/mmsegmentation/mmseg/data/VOCdevkit/VOC2012
TRAIN {'type': 'PascalVOCDataset', 'data_root': '', 'img_dir': 'mmsegmentation/mmseg/data/mmsegmentation/mmseg/data/VOCdevkit/VOC2012/JPEGImages/', 'ann_dir': 'mmsegmentation/mmseg/data/mmsegmentation/mmseg/data/VOCdevkit/VOC2012/Annotations/', 'split': 'mmsegmentation/mmseg/data/mmsegmentation/mmseg/data/VOCdevkit/VOC2012/ImageSets/Segmentation/train.txt', 'pipeline': [{'type': 'LoadImageFromFile'}, {'type': 'LoadAnnotations', 'reduce_zero_label': True}, {'type': 'Resize', 'img_scale': (2048, 512), 'ratio_range': (0.5, 2.0)}, {'type': 'RandomCrop', 'crop_size': (320, 320), 'cat_max_ratio': 0.75}, {'type': 'RandomFlip', 'prob': 0.5}, {'type': 'PhotoMetricDistortion'}, {'type': 'Normalize', 'mean': [127.5, 127.5, 127.5], 'std': [127.5, 127.5, 127.5], 'to_rgb': True}, {'type': 'Pad', 'size': (320, 320), 'pad_val': 0, 'seg_pad_val': 255}, {'type': 'DefaultFormatBundle'}, {'type': 'Collect', 'keys': ['img', 'gt_semantic_seg']}]}
Traceback (most recent call last):
  File "/home/richardalbr/computer_vision/cvvenv/lib/python3.9/site-packages/mmcv/utils/registry.py", line 69, in build_from_cfg
    return obj_cls(**args)
  File "/home/richardalbr/computer_vision/CLTforSemanticSegmentation/mmsegmentation/mmseg/datasets/voc.py", line 28, in __init__
    super(PascalVOCDataset, self).__init__(
  File "/home/richardalbr/computer_vision/CLTforSemanticSegmentation/mmsegmentation/mmseg/datasets/custom.py", line 129, in __init__
    self.img_infos = self.load_annotations(self.img_dir, self.img_suffix,
  File "/home/richardalbr/computer_vision/CLTforSemanticSegmentation/mmsegmentation/mmseg/datasets/custom.py", line 156, in load_annotations
    lines = mmcv.list_from_file(
  File "/home/richardalbr/computer_vision/cvvenv/lib/python3.9/site-packages/mmcv/fileio/parse.py", line 46, in list_from_file
    with StringIO(file_client.get_text(filename, encoding)) as f:
  File "/home/richardalbr/computer_vision/cvvenv/lib/python3.9/site-packages/mmcv/fileio/file_client.py", line 1027, in get_text
    return self.client.get_text(filepath, encoding)
  File "/home/richardalbr/computer_vision/cvvenv/lib/python3.9/site-packages/mmcv/fileio/file_client.py", line 552, in get_text
    with open(filepath, encoding=encoding) as f:
FileNotFoundError: [Errno 2] No such file or directory: 'mmsegmentation/mmseg/data/mmsegmentation/mmseg/data/VOCdevkit/VOC2012/ImageSets/Segmentation/train.txt'

During handling of the above exception, another exception occurred:

Traceback (most recent call last):
  File "/home/richardalbr/computer_vision/CLTforSemanticSegmentation/train_test.py", line 108, in <module>
    main(args['model'], args['config'], args['dataset'], args['mode'])
  File "/home/richardalbr/computer_vision/CLTforSemanticSegmentation/train_test.py", line 61, in main
    datasets = [build_dataset(cfg.data.train)]
  File "/home/richardalbr/computer_vision/CLTforSemanticSegmentation/mmsegmentation/mmseg/datasets/builder.py", line 85, in build_dataset
    dataset = build_from_cfg(cfg, DATASETS, default_args)
  File "/home/richardalbr/computer_vision/cvvenv/lib/python3.9/site-packages/mmcv/utils/registry.py", line 72, in build_from_cfg
    raise type(e)(f'{obj_cls.__name__}: {e}')
FileNotFoundError: PascalVOCDataset: [Errno 2] No such file or directory: 'mmsegmentation/mmseg/data/mmsegmentation/mmseg/data/VOCdevkit/VOC2012/ImageSets/Segmentation/train.txt'
